
> client@1.0.0 build-storybook
> storybook build --output-dir=/var/folders/nt/jf6m1zcn2qz7pnkf0c0wbhx40000gn/T/chromatic--6097-4bseoUiwgzRz

[1m@storybook/core v8.6.11
[22m
info => Cleaning outputDir: [36m../../../../../var/folders/nt/jf6m1zcn2qz7pnkf0c0wbhx40000gn/T/chromatic--6097-4bseoUiwgzRz[39m
info => Loading presets
info Found existing addon "@storybook/addon-docs", skipping.
info Found existing addon "@storybook/addon-docs", skipping.
info => Building manager..
info => Manager built ([38;2;181;126;229m111 ms[39m)
info => Building preview..
info => Copying static files: [36mpublic[39m at [36m../../../../../var/folders/nt/jf6m1zcn2qz7pnkf0c0wbhx40000gn/T/chromatic--6097-4bseoUiwgzRz[39m
info Using tsconfig paths for react-docgen
[36mvite v6.2.2 [32mbuilding for production...[36m[39m
transforming...
[32m✓[39m 12099 modules transformed.
rendering chunks...
computing gzip size...
[2m../../../../../var/folders/nt/jf6m1zcn2qz7pnkf0c0wbhx40000gn/T/chromatic--6097-4bseoUiwgzRz/[22m[2massets/[22m[32mroboto-vietnamese-700-normal-B4Nagvlm.woff      [39m[1m[2m  4.97 kB[22m[1m[22m
[2m../../../../../var/folders/nt/jf6m1zcn2qz7pnkf0c0wbhx40000gn/T/chromatic--6097-4bseoUiwgzRz/[22m[2massets/[22m[32mroboto-vietnamese-500-normal-LvuCHq7y.woff      [39m[1m[2m  4.98 kB[22m[1m[22m
[2m../../../../../var/folders/nt/jf6m1zcn2qz7pnkf0c0wbhx40000gn/T/chromatic--6097-4bseoUiwgzRz/[22m[2massets/[22m[32mroboto-vietnamese-400-normal-D5pJwT9g.woff      [39m[1m[2m  5.00 kB[22m[1m[22m
[2m../../../../../var/folders/nt/jf6m1zcn2qz7pnkf0c0wbhx40000gn/T/chromatic--6097-4bseoUiwgzRz/[22m[2massets/[22m[32mroboto-vietnamese-300-normal-CAomnZLO.woff      [39m[1m[2m  5.02 kB[22m[1m[22m
[2m../../../../../var/folders/nt/jf6m1zcn2qz7pnkf0c0wbhx40000gn/T/chromatic--6097-4bseoUiwgzRz/[22m[2massets/[22m[32mroboto-vietnamese-300-normal-PZa9KE_J.woff2     [39m[1m[2m  5.69 kB[22m[1m[22m
[2m../../../../../var/folders/nt/jf6m1zcn2qz7pnkf0c0wbhx40000gn/T/chromatic--6097-4bseoUiwgzRz/[22m[2massets/[22m[32mroboto-vietnamese-700-normal-CBbheh0s.woff2     [39m[1m[2m  5.71 kB[22m[1m[22m
[2m../../../../../var/folders/nt/jf6m1zcn2qz7pnkf0c0wbhx40000gn/T/chromatic--6097-4bseoUiwgzRz/[22m[2massets/[22m[32mroboto-vietnamese-400-normal-DhTUfTw_.woff2     [39m[1m[2m  5.80 kB[22m[1m[22m
[2m../../../../../var/folders/nt/jf6m1zcn2qz7pnkf0c0wbhx40000gn/T/chromatic--6097-4bseoUiwgzRz/[22m[2massets/[22m[32mroboto-vietnamese-500-normal-p0V0BAAE.woff2     [39m[1m[2m  5.86 kB[22m[1m[22m
[2m../../../../../var/folders/nt/jf6m1zcn2qz7pnkf0c0wbhx40000gn/T/chromatic--6097-4bseoUiwgzRz/[22m[2massets/[22m[32mroboto-greek-700-normal-1IZ-NEfb.woff           [39m[1m[2m  6.31 kB[22m[1m[22m
[2m../../../../../var/folders/nt/jf6m1zcn2qz7pnkf0c0wbhx40000gn/T/chromatic--6097-4bseoUiwgzRz/[22m[2massets/[22m[32mroboto-greek-500-normal-CdRewbqV.woff           [39m[1m[2m  6.32 kB[22m[1m[22m
[2m../../../../../var/folders/nt/jf6m1zcn2qz7pnkf0c0wbhx40000gn/T/chromatic--6097-4bseoUiwgzRz/[22m[2massets/[22m[32mroboto-greek-400-normal-IIc_WWwF.woff           [39m[1m[2m  6.34 kB[22m[1m[22m
[2m../../../../../var/folders/nt/jf6m1zcn2qz7pnkf0c0wbhx40000gn/T/chromatic--6097-4bseoUiwgzRz/[22m[2massets/[22m[32mroboto-greek-300-normal-D3gN5oZ1.woff           [39m[1m[2m  6.44 kB[22m[1m[22m
[2m../../../../../var/folders/nt/jf6m1zcn2qz7pnkf0c0wbhx40000gn/T/chromatic--6097-4bseoUiwgzRz/[22m[2massets/[22m[32mroboto-greek-700-normal-Bs05n1ZH.woff2          [39m[1m[2m  6.90 kB[22m[1m[22m
[2m../../../../../var/folders/nt/jf6m1zcn2qz7pnkf0c0wbhx40000gn/T/chromatic--6097-4bseoUiwgzRz/[22m[2massets/[22m[32mroboto-greek-500-normal-Bg8BLohm.woff2          [39m[1m[2m  7.03 kB[22m[1m[22m
[2m../../../../../var/folders/nt/jf6m1zcn2qz7pnkf0c0wbhx40000gn/T/chromatic--6097-4bseoUiwgzRz/[22m[2massets/[22m[32mroboto-greek-400-normal-LPh2sqOm.woff2          [39m[1m[2m  7.10 kB[22m[1m[22m
[2m../../../../../var/folders/nt/jf6m1zcn2qz7pnkf0c0wbhx40000gn/T/chromatic--6097-4bseoUiwgzRz/[22m[2massets/[22m[32mroboto-greek-300-normal-Bx8edVml.woff2          [39m[1m[2m  7.18 kB[22m[1m[22m
[2m../../../../../var/folders/nt/jf6m1zcn2qz7pnkf0c0wbhx40000gn/T/chromatic--6097-4bseoUiwgzRz/[22m[2massets/[22m[32mroboto-cyrillic-400-normal-JN0iKxGs.woff        [39m[1m[2m  8.57 kB[22m[1m[22m
[2m../../../../../var/folders/nt/jf6m1zcn2qz7pnkf0c0wbhx40000gn/T/chromatic--6097-4bseoUiwgzRz/[22m[2massets/[22m[32mroboto-cyrillic-300-normal-Dg7J0kAT.woff        [39m[1m[2m  8.62 kB[22m[1m[22m
[2m../../../../../var/folders/nt/jf6m1zcn2qz7pnkf0c0wbhx40000gn/T/chromatic--6097-4bseoUiwgzRz/[22m[2massets/[22m[32mroboto-cyrillic-700-normal-BJaAVvFw.woff        [39m[1m[2m  8.84 kB[22m[1m[22m
[2m../../../../../var/folders/nt/jf6m1zcn2qz7pnkf0c0wbhx40000gn/T/chromatic--6097-4bseoUiwgzRz/[22m[2massets/[22m[32mroboto-cyrillic-500-normal-YnJLGrUm.woff        [39m[1m[2m  8.86 kB[22m[1m[22m
[2m../../../../../var/folders/nt/jf6m1zcn2qz7pnkf0c0wbhx40000gn/T/chromatic--6097-4bseoUiwgzRz/[22m[2massets/[22m[32mroboto-cyrillic-300-normal-DJfICpyc.woff2       [39m[1m[2m  9.68 kB[22m[1m[22m
[2m../../../../../var/folders/nt/jf6m1zcn2qz7pnkf0c0wbhx40000gn/T/chromatic--6097-4bseoUiwgzRz/[22m[2massets/[22m[32mroboto-cyrillic-700-normal-jruQITdB.woff2       [39m[1m[2m  9.78 kB[22m[1m[22m
[2m../../../../../var/folders/nt/jf6m1zcn2qz7pnkf0c0wbhx40000gn/T/chromatic--6097-4bseoUiwgzRz/[22m[2massets/[22m[32mroboto-cyrillic-400-normal-BiRJyiea.woff2       [39m[1m[2m  9.85 kB[22m[1m[22m
[2m../../../../../var/folders/nt/jf6m1zcn2qz7pnkf0c0wbhx40000gn/T/chromatic--6097-4bseoUiwgzRz/[22m[2massets/[22m[32mroboto-cyrillic-500-normal-_hamcpv8.woff2       [39m[1m[2m  9.96 kB[22m[1m[22m
[2m../../../../../var/folders/nt/jf6m1zcn2qz7pnkf0c0wbhx40000gn/T/chromatic--6097-4bseoUiwgzRz/[22m[2massets/[22m[32mroboto-latin-ext-700-normal-Ba-CAIIA.woff       [39m[1m[2m 10.69 kB[22m[1m[22m
[2m../../../../../var/folders/nt/jf6m1zcn2qz7pnkf0c0wbhx40000gn/T/chromatic--6097-4bseoUiwgzRz/[22m[2massets/[22m[32mroboto-latin-ext-500-normal-DvHxAkTn.woff       [39m[1m[2m 10.70 kB[22m[1m[22m
[2m../../../../../var/folders/nt/jf6m1zcn2qz7pnkf0c0wbhx40000gn/T/chromatic--6097-4bseoUiwgzRz/[22m[2massets/[22m[32mroboto-latin-ext-400-normal-BSFkPfbf.woff       [39m[1m[2m 10.72 kB[22m[1m[22m
[2m../../../../../var/folders/nt/jf6m1zcn2qz7pnkf0c0wbhx40000gn/T/chromatic--6097-4bseoUiwgzRz/[22m[2massets/[22m[32mroboto-latin-ext-300-normal-Djx841zm.woff       [39m[1m[2m 10.89 kB[22m[1m[22m
[2m../../../../../var/folders/nt/jf6m1zcn2qz7pnkf0c0wbhx40000gn/T/chromatic--6097-4bseoUiwgzRz/[22m[2massets/[22m[32mroboto-latin-ext-500-normal-OQJhyaXd.woff2      [39m[1m[2m 12.28 kB[22m[1m[22m
[2m../../../../../var/folders/nt/jf6m1zcn2qz7pnkf0c0wbhx40000gn/T/chromatic--6097-4bseoUiwgzRz/[22m[2massets/[22m[32mroboto-latin-ext-700-normal-DchBbzVz.woff2      [39m[1m[2m 12.30 kB[22m[1m[22m
[2m../../../../../var/folders/nt/jf6m1zcn2qz7pnkf0c0wbhx40000gn/T/chromatic--6097-4bseoUiwgzRz/[22m[2massets/[22m[32mroboto-latin-ext-300-normal-BzRVPTS2.woff2      [39m[1m[2m 12.32 kB[22m[1m[22m
[2m../../../../../var/folders/nt/jf6m1zcn2qz7pnkf0c0wbhx40000gn/T/chromatic--6097-4bseoUiwgzRz/[22m[2massets/[22m[32mroboto-latin-ext-400-normal-DgXbz5gU.woff2      [39m[1m[2m 12.46 kB[22m[1m[22m
[2m../../../../../var/folders/nt/jf6m1zcn2qz7pnkf0c0wbhx40000gn/T/chromatic--6097-4bseoUiwgzRz/[22m[2massets/[22m[32mroboto-cyrillic-ext-700-normal-DXzexxfu.woff    [39m[1m[2m 13.46 kB[22m[1m[22m
[2m../../../../../var/folders/nt/jf6m1zcn2qz7pnkf0c0wbhx40000gn/T/chromatic--6097-4bseoUiwgzRz/[22m[2massets/[22m[32mroboto-cyrillic-ext-500-normal-37WQE4S0.woff    [39m[1m[2m 13.46 kB[22m[1m[22m
[2m../../../../../var/folders/nt/jf6m1zcn2qz7pnkf0c0wbhx40000gn/T/chromatic--6097-4bseoUiwgzRz/[22m[2massets/[22m[32mroboto-cyrillic-ext-400-normal-b0JluIOJ.woff    [39m[1m[2m 13.49 kB[22m[1m[22m
[2m../../../../../var/folders/nt/jf6m1zcn2qz7pnkf0c0wbhx40000gn/T/chromatic--6097-4bseoUiwgzRz/[22m[2massets/[22m[32mroboto-cyrillic-ext-300-normal-BLLmCegk.woff    [39m[1m[2m 13.57 kB[22m[1m[22m
[2m../../../../../var/folders/nt/jf6m1zcn2qz7pnkf0c0wbhx40000gn/T/chromatic--6097-4bseoUiwgzRz/[22m[2massets/[22m[32mroboto-cyrillic-ext-700-normal-CyZgh00P.woff2   [39m[1m[2m 14.74 kB[22m[1m[22m
[2m../../../../../var/folders/nt/jf6m1zcn2qz7pnkf0c0wbhx40000gn/T/chromatic--6097-4bseoUiwgzRz/[22m[2massets/[22m[32mroboto-cyrillic-ext-500-normal-BJvL3D7h.woff2   [39m[1m[2m 14.99 kB[22m[1m[22m
[2m../../../../../var/folders/nt/jf6m1zcn2qz7pnkf0c0wbhx40000gn/T/chromatic--6097-4bseoUiwgzRz/[22m[2massets/[22m[32mroboto-cyrillic-ext-300-normal-Chhwl1Jq.woff2   [39m[1m[2m 15.03 kB[22m[1m[22m
[2m../../../../../var/folders/nt/jf6m1zcn2qz7pnkf0c0wbhx40000gn/T/chromatic--6097-4bseoUiwgzRz/[22m[2massets/[22m[32mroboto-cyrillic-ext-400-normal-D76n7Daw.woff2   [39m[1m[2m 15.34 kB[22m[1m[22m
[2m../../../../../var/folders/nt/jf6m1zcn2qz7pnkf0c0wbhx40000gn/T/chromatic--6097-4bseoUiwgzRz/[22m[2massets/[22m[32mroboto-latin-400-normal-BVyCgWwA.woff           [39m[1m[2m 17.30 kB[22m[1m[22m
[2m../../../../../var/folders/nt/jf6m1zcn2qz7pnkf0c0wbhx40000gn/T/chromatic--6097-4bseoUiwgzRz/[22m[2massets/[22m[32mroboto-latin-500-normal-rpP1_v3s.woff           [39m[1m[2m 17.32 kB[22m[1m[22m
[2m../../../../../var/folders/nt/jf6m1zcn2qz7pnkf0c0wbhx40000gn/T/chromatic--6097-4bseoUiwgzRz/[22m[2massets/[22m[32mroboto-latin-700-normal-BWcFiwQV.woff           [39m[1m[2m 17.37 kB[22m[1m[22m
[2m../../../../../var/folders/nt/jf6m1zcn2qz7pnkf0c0wbhx40000gn/T/chromatic--6097-4bseoUiwgzRz/[22m[2massets/[22m[32mroboto-latin-300-normal-BZ6gvbSO.woff           [39m[1m[2m 17.56 kB[22m[1m[22m
[2m../../../../../var/folders/nt/jf6m1zcn2qz7pnkf0c0wbhx40000gn/T/chromatic--6097-4bseoUiwgzRz/[22m[32miframe.html                                            [39m[1m[2m 17.75 kB[22m[1m[22m[2m │ gzip:   5.00 kB[22m
[2m../../../../../var/folders/nt/jf6m1zcn2qz7pnkf0c0wbhx40000gn/T/chromatic--6097-4bseoUiwgzRz/[22m[2massets/[22m[32mroboto-latin-300-normal-BizgZZ3y.woff2          [39m[1m[2m 18.49 kB[22m[1m[22m
[2m../../../../../var/folders/nt/jf6m1zcn2qz7pnkf0c0wbhx40000gn/T/chromatic--6097-4bseoUiwgzRz/[22m[2massets/[22m[32mroboto-latin-400-normal-DXyFPIdK.woff2          [39m[1m[2m 18.54 kB[22m[1m[22m
[2m../../../../../var/folders/nt/jf6m1zcn2qz7pnkf0c0wbhx40000gn/T/chromatic--6097-4bseoUiwgzRz/[22m[2massets/[22m[32mroboto-latin-500-normal-C6iW8rdg.woff2          [39m[1m[2m 18.59 kB[22m[1m[22m
[2m../../../../../var/folders/nt/jf6m1zcn2qz7pnkf0c0wbhx40000gn/T/chromatic--6097-4bseoUiwgzRz/[22m[2massets/[22m[32mroboto-latin-700-normal-CbYYDfWS.woff2          [39m[1m[2m 18.60 kB[22m[1m[22m
[2m../../../../../var/folders/nt/jf6m1zcn2qz7pnkf0c0wbhx40000gn/T/chromatic--6097-4bseoUiwgzRz/[22m[2massets/[22m[32mmaterial-icons-latin-400-normal-kAwBdRge.woff2  [39m[1m[2m128.35 kB[22m[1m[22m
[2m../../../../../var/folders/nt/jf6m1zcn2qz7pnkf0c0wbhx40000gn/T/chromatic--6097-4bseoUiwgzRz/[22m[2massets/[22m[32mmaterial-icons-latin-400-normal-B5tbEuci.woff   [39m[1m[2m164.87 kB[22m[1m[22m
[2m../../../../../var/folders/nt/jf6m1zcn2qz7pnkf0c0wbhx40000gn/T/chromatic--6097-4bseoUiwgzRz/[22m[2massets/[22m[35mMessageInput-vshbfS1P.css                       [39m[1m[2m  0.14 kB[22m[1m[22m[2m │ gzip:   0.13 kB[22m
[2m../../../../../var/folders/nt/jf6m1zcn2qz7pnkf0c0wbhx40000gn/T/chromatic--6097-4bseoUiwgzRz/[22m[2massets/[22m[35mChatBox-B5MX9jXP.css                            [39m[1m[2m  0.28 kB[22m[1m[22m[2m │ gzip:   0.19 kB[22m
[2m../../../../../var/folders/nt/jf6m1zcn2qz7pnkf0c0wbhx40000gn/T/chromatic--6097-4bseoUiwgzRz/[22m[2massets/[22m[35mMessage-BOvuem0y.css                            [39m[1m[2m  0.40 kB[22m[1m[22m[2m │ gzip:   0.24 kB[22m
[2m../../../../../var/folders/nt/jf6m1zcn2qz7pnkf0c0wbhx40000gn/T/chromatic--6097-4bseoUiwgzRz/[22m[2massets/[22m[35mpreview-rEDPc_uj.css                            [39m[1m[2m 23.82 kB[22m[1m[22m[2m │ gzip:  10.66 kB[22m
[2m../../../../../var/folders/nt/jf6m1zcn2qz7pnkf0c0wbhx40000gn/T/chromatic--6097-4bseoUiwgzRz/[22m[2massets/[22m[36mpreview-CVgpLj3b.js                             [39m[1m[2m  0.05 kB[22m[1m[22m[2m │ gzip:   0.07 kB[22m
[2m../../../../../var/folders/nt/jf6m1zcn2qz7pnkf0c0wbhx40000gn/T/chromatic--6097-4bseoUiwgzRz/[22m[2massets/[22m[36misHostComponent-DVu5iVWx.js                     [39m[1m[2m  0.06 kB[22m[1m[22m[2m │ gzip:   0.08 kB[22m
[2m../../../../../var/folders/nt/jf6m1zcn2qz7pnkf0c0wbhx40000gn/T/chromatic--6097-4bseoUiwgzRz/[22m[2massets/[22m[36mownerDocument-DW-IO8s5.js                       [39m[1m[2m  0.06 kB[22m[1m[22m[2m │ gzip:   0.08 kB[22m
[2m../../../../../var/folders/nt/jf6m1zcn2qz7pnkf0c0wbhx40000gn/T/chromatic--6097-4bseoUiwgzRz/[22m[2massets/[22m[36mtiny-invariant-CopsF_GD.js                      [39m[1m[2m  0.08 kB[22m[1m[22m[2m │ gzip:   0.10 kB[22m
[2m../../../../../var/folders/nt/jf6m1zcn2qz7pnkf0c0wbhx40000gn/T/chromatic--6097-4bseoUiwgzRz/[22m[2massets/[22m[36mListContext-CZfSk_iK.js                         [39m[1m[2m  0.08 kB[22m[1m[22m[2m │ gzip:   0.10 kB[22m
[2m../../../../../var/folders/nt/jf6m1zcn2qz7pnkf0c0wbhx40000gn/T/chromatic--6097-4bseoUiwgzRz/[22m[2massets/[22m[36mTransitionGroupContext-BLzoIoBn.js              [39m[1m[2m  0.09 kB[22m[1m[22m[2m │ gzip:   0.10 kB[22m
[2m../../../../../var/folders/nt/jf6m1zcn2qz7pnkf0c0wbhx40000gn/T/chromatic--6097-4bseoUiwgzRz/[22m[2massets/[22m[36mindex-BykRFANr.js                               [39m[1m[2m  0.09 kB[22m[1m[22m[2m │ gzip:   0.10 kB[22m
[2m../../../../../var/folders/nt/jf6m1zcn2qz7pnkf0c0wbhx40000gn/T/chromatic--6097-4bseoUiwgzRz/[22m[2massets/[22m[36mownerWindow-HkKU3E4x.js                         [39m[1m[2m  0.11 kB[22m[1m[22m[2m │ gzip:   0.12 kB[22m
[2m../../../../../var/folders/nt/jf6m1zcn2qz7pnkf0c0wbhx40000gn/T/chromatic--6097-4bseoUiwgzRz/[22m[2massets/[22m[36mcreateChainedFunction-BO_9K8Jh.js               [39m[1m[2m  0.12 kB[22m[1m[22m[2m │ gzip:   0.12 kB[22m
[2m../../../../../var/folders/nt/jf6m1zcn2qz7pnkf0c0wbhx40000gn/T/chromatic--6097-4bseoUiwgzRz/[22m[2massets/[22m[36mindex-oZ25dc9x.js                               [39m[1m[2m  0.13 kB[22m[1m[22m[2m │ gzip:   0.12 kB[22m
[2m../../../../../var/folders/nt/jf6m1zcn2qz7pnkf0c0wbhx40000gn/T/chromatic--6097-4bseoUiwgzRz/[22m[2massets/[22m[36museFormControl-DqnUkJwd.js                      [39m[1m[2m  0.13 kB[22m[1m[22m[2m │ gzip:   0.13 kB[22m
[2m../../../../../var/folders/nt/jf6m1zcn2qz7pnkf0c0wbhx40000gn/T/chromatic--6097-4bseoUiwgzRz/[22m[2massets/[22m[36mformControlState-Dq1zat_P.js                    [39m[1m[2m  0.14 kB[22m[1m[22m[2m │ gzip:   0.14 kB[22m
[2m../../../../../var/folders/nt/jf6m1zcn2qz7pnkf0c0wbhx40000gn/T/chromatic--6097-4bseoUiwgzRz/[22m[2massets/[22m[36museTheme-B93P-HVw.js                            [39m[1m[2m  0.14 kB[22m[1m[22m[2m │ gzip:   0.15 kB[22m
[2m../../../../../var/folders/nt/jf6m1zcn2qz7pnkf0c0wbhx40000gn/T/chromatic--6097-4bseoUiwgzRz/[22m[2massets/[22m[36mdebounce-Be36O1Ab.js                            [39m[1m[2m  0.16 kB[22m[1m[22m[2m │ gzip:   0.14 kB[22m
[2m../../../../../var/folders/nt/jf6m1zcn2qz7pnkf0c0wbhx40000gn/T/chromatic--6097-4bseoUiwgzRz/[22m[2massets/[22m[36mpreview-Ct-KdeRG.js                             [39m[1m[2m  0.16 kB[22m[1m[22m[2m │ gzip:   0.16 kB[22m
[2m../../../../../var/folders/nt/jf6m1zcn2qz7pnkf0c0wbhx40000gn/T/chromatic--6097-4bseoUiwgzRz/[22m[2massets/[22m[36mlistItemIconClasses-B3Mtva6f.js                 [39m[1m[2m  0.17 kB[22m[1m[22m[2m │ gzip:   0.16 kB[22m
[2m../../../../../var/folders/nt/jf6m1zcn2qz7pnkf0c0wbhx40000gn/T/chromatic--6097-4bseoUiwgzRz/[22m[2massets/[22m[36mpreview-CvbIS5ZJ.js                             [39m[1m[2m  0.18 kB[22m[1m[22m[2m │ gzip:   0.16 kB[22m
[2m../../../../../var/folders/nt/jf6m1zcn2qz7pnkf0c0wbhx40000gn/T/chromatic--6097-4bseoUiwgzRz/[22m[2massets/[22m[36mHome-BbHnmw8y.js                                [39m[1m[2m  0.18 kB[22m[1m[22m[2m │ gzip:   0.18 kB[22m
[2m../../../../../var/folders/nt/jf6m1zcn2qz7pnkf0c0wbhx40000gn/T/chromatic--6097-4bseoUiwgzRz/[22m[2massets/[22m[36mWarning-D9YnUAWy.js                             [39m[1m[2m  0.19 kB[22m[1m[22m[2m │ gzip:   0.18 kB[22m
[2m../../../../../var/folders/nt/jf6m1zcn2qz7pnkf0c0wbhx40000gn/T/chromatic--6097-4bseoUiwgzRz/[22m[2massets/[22m[36mlistItemTextClasses-7qH-SS2-.js                 [39m[1m[2m  0.20 kB[22m[1m[22m[2m │ gzip:   0.17 kB[22m
[2m../../../../../var/folders/nt/jf6m1zcn2qz7pnkf0c0wbhx40000gn/T/chromatic--6097-4bseoUiwgzRz/[22m[2massets/[22m[36mIncident-BHNIWb_p.js                            [39m[1m[2m  0.20 kB[22m[1m[22m[2m │ gzip:   0.17 kB[22m
[2m../../../../../var/folders/nt/jf6m1zcn2qz7pnkf0c0wbhx40000gn/T/chromatic--6097-4bseoUiwgzRz/[22m[2massets/[22m[36mNavigateNext-BlQosYv_.js                        [39m[1m[2m  0.20 kB[22m[1m[22m[2m │ gzip:   0.19 kB[22m
[2m../../../../../var/folders/nt/jf6m1zcn2qz7pnkf0c0wbhx40000gn/T/chromatic--6097-4bseoUiwgzRz/[22m[2massets/[22m[36mPriorityHigh-Z3JPh1NH.js                        [39m[1m[2m  0.22 kB[22m[1m[22m[2m │ gzip:   0.20 kB[22m
[2m../../../../../var/folders/nt/jf6m1zcn2qz7pnkf0c0wbhx40000gn/T/chromatic--6097-4bseoUiwgzRz/[22m[2massets/[22m[36minheritsLoose-CWawPfk8.js                       [39m[1m[2m  0.23 kB[22m[1m[22m[2m │ gzip:   0.15 kB[22m
[2m../../../../../var/folders/nt/jf6m1zcn2qz7pnkf0c0wbhx40000gn/T/chromatic--6097-4bseoUiwgzRz/[22m[2massets/[22m[36misMuiElement-02kHymGD.js                        [39m[1m[2m  0.23 kB[22m[1m[22m[2m │ gzip:   0.19 kB[22m
[2m../../../../../var/folders/nt/jf6m1zcn2qz7pnkf0c0wbhx40000gn/T/chromatic--6097-4bseoUiwgzRz/[22m[2massets/[22m[36museControlled-BJYH5kKH.js                       [39m[1m[2m  0.23 kB[22m[1m[22m[2m │ gzip:   0.20 kB[22m
[2m../../../../../var/folders/nt/jf6m1zcn2qz7pnkf0c0wbhx40000gn/T/chromatic--6097-4bseoUiwgzRz/[22m[2massets/[22m[36museEventCallback-WU_PR0HV.js                    [39m[1m[2m  0.23 kB[22m[1m[22m[2m │ gzip:   0.18 kB[22m
[2m../../../../../var/folders/nt/jf6m1zcn2qz7pnkf0c0wbhx40000gn/T/chromatic--6097-4bseoUiwgzRz/[22m[2massets/[22m[36museId-AMW0Tfyz.js                               [39m[1m[2m  0.26 kB[22m[1m[22m[2m │ gzip:   0.21 kB[22m
[2m../../../../../var/folders/nt/jf6m1zcn2qz7pnkf0c0wbhx40000gn/T/chromatic--6097-4bseoUiwgzRz/[22m[2massets/[22m[36mLocationOn-C4Ucy4Wy.js                          [39m[1m[2m  0.31 kB[22m[1m[22m[2m │ gzip:   0.23 kB[22m
[2m../../../../../var/folders/nt/jf6m1zcn2qz7pnkf0c0wbhx40000gn/T/chromatic--6097-4bseoUiwgzRz/[22m[2massets/[22m[36mdividerClasses-D4P9CGnS.js                      [39m[1m[2m  0.31 kB[22m[1m[22m[2m │ gzip:   0.23 kB[22m
[2m../../../../../var/folders/nt/jf6m1zcn2qz7pnkf0c0wbhx40000gn/T/chromatic--6097-4bseoUiwgzRz/[22m[2massets/[22m[36mindex-BmJjaqt7.js                               [39m[1m[2m  0.34 kB[22m[1m[22m[2m │ gzip:   0.25 kB[22m
[2m../../../../../var/folders/nt/jf6m1zcn2qz7pnkf0c0wbhx40000gn/T/chromatic--6097-4bseoUiwgzRz/[22m[2massets/[22m[36mGlobalStyles-B1H7pkDI.js                        [39m[1m[2m  0.36 kB[22m[1m[22m[2m │ gzip:   0.26 kB[22m
[2m../../../../../var/folders/nt/jf6m1zcn2qz7pnkf0c0wbhx40000gn/T/chromatic--6097-4bseoUiwgzRz/[22m[2massets/[22m[36mLoading-Bo53-e9v.js                             [39m[1m[2m  0.37 kB[22m[1m[22m[2m │ gzip:   0.27 kB[22m
[2m../../../../../var/folders/nt/jf6m1zcn2qz7pnkf0c0wbhx40000gn/T/chromatic--6097-4bseoUiwgzRz/[22m[2massets/[22m[36muserHospitalSlice-ej1Ogf_I.js                   [39m[1m[2m  0.39 kB[22m[1m[22m[2m │ gzip:   0.22 kB[22m
[2m../../../../../var/folders/nt/jf6m1zcn2qz7pnkf0c0wbhx40000gn/T/chromatic--6097-4bseoUiwgzRz/[22m[2massets/[22m[36mMoreVert-BMZOEYnf.js                            [39m[1m[2m  0.40 kB[22m[1m[22m[2m │ gzip:   0.26 kB[22m
[2m../../../../../var/folders/nt/jf6m1zcn2qz7pnkf0c0wbhx40000gn/T/chromatic--6097-4bseoUiwgzRz/[22m[2massets/[22m[36mindex-BdRrzK0Z.js                               [39m[1m[2m  0.42 kB[22m[1m[22m[2m │ gzip:   0.27 kB[22m
[2m../../../../../var/folders/nt/jf6m1zcn2qz7pnkf0c0wbhx40000gn/T/chromatic--6097-4bseoUiwgzRz/[22m[2massets/[22m[36mPermContactCalendar-D69qsGPO.js                 [39m[1m[2m  0.51 kB[22m[1m[22m[2m │ gzip:   0.33 kB[22m
[2m../../../../../var/folders/nt/jf6m1zcn2qz7pnkf0c0wbhx40000gn/T/chromatic--6097-4bseoUiwgzRz/[22m[2massets/[22m[36mLoading.stories-Ccyk_0M4.js                     [39m[1m[2m  0.53 kB[22m[1m[22m[2m │ gzip:   0.34 kB[22m
[2m../../../../../var/folders/nt/jf6m1zcn2qz7pnkf0c0wbhx40000gn/T/chromatic--6097-4bseoUiwgzRz/[22m[2massets/[22m[36museSlotProps-Bg6ZqZX1.js                        [39m[1m[2m  0.54 kB[22m[1m[22m[2m │ gzip:   0.33 kB[22m
[2m../../../../../var/folders/nt/jf6m1zcn2qz7pnkf0c0wbhx40000gn/T/chromatic--6097-4bseoUiwgzRz/[22m[2massets/[22m[36mFlag-LjJakZko.js                                [39m[1m[2m  0.56 kB[22m[1m[22m[2m │ gzip:   0.35 kB[22m
[2m../../../../../var/folders/nt/jf6m1zcn2qz7pnkf0c0wbhx40000gn/T/chromatic--6097-4bseoUiwgzRz/[22m[2massets/[22m[36mErrorOutline-BwUldLrt.js                        [39m[1m[2m  0.60 kB[22m[1m[22m[2m │ gzip:   0.41 kB[22m
[2m../../../../../var/folders/nt/jf6m1zcn2qz7pnkf0c0wbhx40000gn/T/chromatic--6097-4bseoUiwgzRz/[22m[2massets/[22m[36mpreview-DHQbi4pV.js                             [39m[1m[2m  0.61 kB[22m[1m[22m[2m │ gzip:   0.42 kB[22m
[2m../../../../../var/folders/nt/jf6m1zcn2qz7pnkf0c0wbhx40000gn/T/chromatic--6097-4bseoUiwgzRz/[22m[2massets/[22m[36mRoleIcon-CFNru5TX.js                            [39m[1m[2m  0.66 kB[22m[1m[22m[2m │ gzip:   0.36 kB[22m
[2m../../../../../var/folders/nt/jf6m1zcn2qz7pnkf0c0wbhx40000gn/T/chromatic--6097-4bseoUiwgzRz/[22m[2massets/[22m[36mPhone-jTVYmEoZ.js                               [39m[1m[2m  0.67 kB[22m[1m[22m[2m │ gzip:   0.41 kB[22m
[2m../../../../../var/folders/nt/jf6m1zcn2qz7pnkf0c0wbhx40000gn/T/chromatic--6097-4bseoUiwgzRz/[22m[2massets/[22m[36museTimeout-CFScnwjl.js                          [39m[1m[2m  0.71 kB[22m[1m[22m[2m │ gzip:   0.38 kB[22m
[2m../../../../../var/folders/nt/jf6m1zcn2qz7pnkf0c0wbhx40000gn/T/chromatic--6097-4bseoUiwgzRz/[22m[2massets/[22m[36mchunk-XP5HYGXS-BpfKkqn7.js                      [39m[1m[2m  0.71 kB[22m[1m[22m[2m │ gzip:   0.40 kB[22m
[2m../../../../../var/folders/nt/jf6m1zcn2qz7pnkf0c0wbhx40000gn/T/chromatic--6097-4bseoUiwgzRz/[22m[2massets/[22m[36mpreview-DGUiP6tS.js                             [39m[1m[2m  0.71 kB[22m[1m[22m[2m │ gzip:   0.50 kB[22m
[2m../../../../../var/folders/nt/jf6m1zcn2qz7pnkf0c0wbhx40000gn/T/chromatic--6097-4bseoUiwgzRz/[22m[2massets/[22m[36mCard-Mvyvnd4c.js                                [39m[1m[2m  0.73 kB[22m[1m[22m[2m │ gzip:   0.46 kB[22m
[2m../../../../../var/folders/nt/jf6m1zcn2qz7pnkf0c0wbhx40000gn/T/chromatic--6097-4bseoUiwgzRz/[22m[2massets/[22m[36mCardContent-BvGmjgss.js                         [39m[1m[2m  0.74 kB[22m[1m[22m[2m │ gzip:   0.46 kB[22m
[2m../../../../../var/folders/nt/jf6m1zcn2qz7pnkf0c0wbhx40000gn/T/chromatic--6097-4bseoUiwgzRz/[22m[2massets/[22m[36mBox-DGvub2p0.js                                 [39m[1m[2m  0.76 kB[22m[1m[22m[2m │ gzip:   0.46 kB[22m
[2m../../../../../var/folders/nt/jf6m1zcn2qz7pnkf0c0wbhx40000gn/T/chromatic--6097-4bseoUiwgzRz/[22m[2massets/[22m[36mindex-DrFu-skq.js                               [39m[1m[2m  0.77 kB[22m[1m[22m[2m │ gzip:   0.47 kB[22m
[2m../../../../../var/folders/nt/jf6m1zcn2qz7pnkf0c0wbhx40000gn/T/chromatic--6097-4bseoUiwgzRz/[22m[2massets/[22m[36mv4-CtRu48qb.js                                  [39m[1m[2m  0.81 kB[22m[1m[22m[2m │ gzip:   0.43 kB[22m
[2m../../../../../var/folders/nt/jf6m1zcn2qz7pnkf0c0wbhx40000gn/T/chromatic--6097-4bseoUiwgzRz/[22m[2massets/[22m[36mPatientCard-Dsbae_IC.js                         [39m[1m[2m  0.88 kB[22m[1m[22m[2m │ gzip:   0.53 kB[22m
[2m../../../../../var/folders/nt/jf6m1zcn2qz7pnkf0c0wbhx40000gn/T/chromatic--6097-4bseoUiwgzRz/[22m[2massets/[22m[36mAlertButton-CrOurxaC.js                         [39m[1m[2m  0.88 kB[22m[1m[22m[2m │ gzip:   0.45 kB[22m
[2m../../../../../var/folders/nt/jf6m1zcn2qz7pnkf0c0wbhx40000gn/T/chromatic--6097-4bseoUiwgzRz/[22m[2massets/[22m[36mreact-18-BIIkgifC.js                            [39m[1m[2m  0.89 kB[22m[1m[22m[2m │ gzip:   0.50 kB[22m
[2m../../../../../var/folders/nt/jf6m1zcn2qz7pnkf0c0wbhx40000gn/T/chromatic--6097-4bseoUiwgzRz/[22m[2massets/[22m[36mLocalPolice-CM0GUxgO.js                         [39m[1m[2m  0.91 kB[22m[1m[22m[2m │ gzip:   0.56 kB[22m
[2m../../../../../var/folders/nt/jf6m1zcn2qz7pnkf0c0wbhx40000gn/T/chromatic--6097-4bseoUiwgzRz/[22m[2massets/[22m[36mpreview-Cdek3hx8.js                             [39m[1m[2m  0.93 kB[22m[1m[22m[2m │ gzip:   0.58 kB[22m
[2m../../../../../var/folders/nt/jf6m1zcn2qz7pnkf0c0wbhx40000gn/T/chromatic--6097-4bseoUiwgzRz/[22m[2massets/[22m[36museSlot-GRyYZfX6.js                             [39m[1m[2m  0.94 kB[22m[1m[22m[2m │ gzip:   0.52 kB[22m
[2m../../../../../var/folders/nt/jf6m1zcn2qz7pnkf0c0wbhx40000gn/T/chromatic--6097-4bseoUiwgzRz/[22m[2massets/[22m[36mDialogActions-CZAPQsL4.js                       [39m[1m[2m  0.98 kB[22m[1m[22m[2m │ gzip:   0.56 kB[22m
[2m../../../../../var/folders/nt/jf6m1zcn2qz7pnkf0c0wbhx40000gn/T/chromatic--6097-4bseoUiwgzRz/[22m[2massets/[22m[36mjsx-runtime-Cx38VWA3.js                         [39m[1m[2m  1.01 kB[22m[1m[22m[2m │ gzip:   0.62 kB[22m
[2m../../../../../var/folders/nt/jf6m1zcn2qz7pnkf0c0wbhx40000gn/T/chromatic--6097-4bseoUiwgzRz/[22m[2massets/[22m[36mGenericListItem-C7efEi4P.js                     [39m[1m[2m  1.02 kB[22m[1m[22m[2m │ gzip:   0.48 kB[22m
[2m../../../../../var/folders/nt/jf6m1zcn2qz7pnkf0c0wbhx40000gn/T/chromatic--6097-4bseoUiwgzRz/[22m[2massets/[22m[36museIsFocusVisible-BPbpd42W.js                   [39m[1m[2m  1.09 kB[22m[1m[22m[2m │ gzip:   0.60 kB[22m
[2m../../../../../var/folders/nt/jf6m1zcn2qz7pnkf0c0wbhx40000gn/T/chromatic--6097-4bseoUiwgzRz/[22m[2massets/[22m[36mPaper.stories-Or99Eueq.js                       [39m[1m[2m  1.18 kB[22m[1m[22m[2m │ gzip:   0.62 kB[22m
[2m../../../../../var/folders/nt/jf6m1zcn2qz7pnkf0c0wbhx40000gn/T/chromatic--6097-4bseoUiwgzRz/[22m[2massets/[22m[36mList-Crrq33Hm.js                                [39m[1m[2m  1.29 kB[22m[1m[22m[2m │ gzip:   0.68 kB[22m
[2m../../../../../var/folders/nt/jf6m1zcn2qz7pnkf0c0wbhx40000gn/T/chromatic--6097-4bseoUiwgzRz/[22m[2massets/[22m[36mThemeProvider-m0GXYldz.js                       [39m[1m[2m  1.32 kB[22m[1m[22m[2m │ gzip:   0.65 kB[22m
[2m../../../../../var/folders/nt/jf6m1zcn2qz7pnkf0c0wbhx40000gn/T/chromatic--6097-4bseoUiwgzRz/[22m[2massets/[22m[36mDocsRenderer-CFRXHY34-CNQt6cNl.js               [39m[1m[2m  1.34 kB[22m[1m[22m[2m │ gzip:   0.72 kB[22m
[2m../../../../../var/folders/nt/jf6m1zcn2qz7pnkf0c0wbhx40000gn/T/chromatic--6097-4bseoUiwgzRz/[22m[2massets/[22m[36mmessageSlice-DxHthLn6.js                        [39m[1m[2m  1.35 kB[22m[1m[22m[2m │ gzip:   0.67 kB[22m
[2m../../../../../var/folders/nt/jf6m1zcn2qz7pnkf0c0wbhx40000gn/T/chromatic--6097-4bseoUiwgzRz/[22m[2massets/[22m[36mMessageInput-BJ2yLa-T.js                        [39m[1m[2m  1.41 kB[22m[1m[22m[2m │ gzip:   0.85 kB[22m
[2m../../../../../var/folders/nt/jf6m1zcn2qz7pnkf0c0wbhx40000gn/T/chromatic--6097-4bseoUiwgzRz/[22m[2massets/[22m[36mVehicleItem-cxrHyq7h.js                         [39m[1m[2m  1.42 kB[22m[1m[22m[2m │ gzip:   0.76 kB[22m
[2m../../../../../var/folders/nt/jf6m1zcn2qz7pnkf0c0wbhx40000gn/T/chromatic--6097-4bseoUiwgzRz/[22m[2massets/[22m[36mmergeSlotProps-Cu1XOA6-.js                      [39m[1m[2m  1.42 kB[22m[1m[22m[2m │ gzip:   0.60 kB[22m
[2m../../../../../var/folders/nt/jf6m1zcn2qz7pnkf0c0wbhx40000gn/T/chromatic--6097-4bseoUiwgzRz/[22m[2massets/[22m[36mColorPalette-Buyjl-4A.js                        [39m[1m[2m  1.43 kB[22m[1m[22m[2m │ gzip:   0.64 kB[22m
[2m../../../../../var/folders/nt/jf6m1zcn2qz7pnkf0c0wbhx40000gn/T/chromatic--6097-4bseoUiwgzRz/[22m[2massets/[22m[36mGroups2-BzXUQkUU.js                             [39m[1m[2m  1.45 kB[22m[1m[22m[2m │ gzip:   0.83 kB[22m
[2m../../../../../var/folders/nt/jf6m1zcn2qz7pnkf0c0wbhx40000gn/T/chromatic--6097-4bseoUiwgzRz/[22m[2massets/[22m[36mcreateSvgIcon-Cj6eWxif.js                       [39m[1m[2m  1.47 kB[22m[1m[22m[2m │ gzip:   0.74 kB[22m
[2m../../../../../var/folders/nt/jf6m1zcn2qz7pnkf0c0wbhx40000gn/T/chromatic--6097-4bseoUiwgzRz/[22m[2massets/[22m[36mAlertPanel.stories-CcMzP2FR.js                  [39m[1m[2m  1.58 kB[22m[1m[22m[2m │ gzip:   0.78 kB[22m
[2m../../../../../var/folders/nt/jf6m1zcn2qz7pnkf0c0wbhx40000gn/T/chromatic--6097-4bseoUiwgzRz/[22m[2massets/[22m[36mCard.stories-RTX72djF.js                        [39m[1m[2m  1.70 kB[22m[1m[22m[2m │ gzip:   0.89 kB[22m
[2m../../../../../var/folders/nt/jf6m1zcn2qz7pnkf0c0wbhx40000gn/T/chromatic--6097-4bseoUiwgzRz/[22m[2massets/[22m[36mMessageInput.stories-Dq9RqjfM.js                [39m[1m[2m  1.81 kB[22m[1m[22m[2m │ gzip:   0.89 kB[22m
[2m../../../../../var/folders/nt/jf6m1zcn2qz7pnkf0c0wbhx40000gn/T/chromatic--6097-4bseoUiwgzRz/[22m[2massets/[22m[36mListItemText-Dn0KHGDX.js                        [39m[1m[2m  1.82 kB[22m[1m[22m[2m │ gzip:   0.91 kB[22m
[2m../../../../../var/folders/nt/jf6m1zcn2qz7pnkf0c0wbhx40000gn/T/chromatic--6097-4bseoUiwgzRz/[22m[2massets/[22m[36mColumn.stories-Cln-8Lam.js                      [39m[1m[2m  1.86 kB[22m[1m[22m[2m │ gzip:   0.97 kB[22m
[2m../../../../../var/folders/nt/jf6m1zcn2qz7pnkf0c0wbhx40000gn/T/chromatic--6097-4bseoUiwgzRz/[22m[2massets/[22m[36mTypography-k_U5AMJX.js                          [39m[1m[2m  1.98 kB[22m[1m[22m[2m │ gzip:   0.75 kB[22m
[2m../../../../../var/folders/nt/jf6m1zcn2qz7pnkf0c0wbhx40000gn/T/chromatic--6097-4bseoUiwgzRz/[22m[2massets/[22m[36mFormHelperText--Wp57QcK.js                      [39m[1m[2m  2.00 kB[22m[1m[22m[2m │ gzip:   0.97 kB[22m
[2m../../../../../var/folders/nt/jf6m1zcn2qz7pnkf0c0wbhx40000gn/T/chromatic--6097-4bseoUiwgzRz/[22m[2massets/[22m[36mIncidentItem-DHTcYpGj.js                        [39m[1m[2m  2.03 kB[22m[1m[22m[2m │ gzip:   0.91 kB[22m
[2m../../../../../var/folders/nt/jf6m1zcn2qz7pnkf0c0wbhx40000gn/T/chromatic--6097-4bseoUiwgzRz/[22m[2massets/[22m[36mPaper-nwd_yUI_.js                               [39m[1m[2m  2.04 kB[22m[1m[22m[2m │ gzip:   0.95 kB[22m
[2m../../../../../var/folders/nt/jf6m1zcn2qz7pnkf0c0wbhx40000gn/T/chromatic--6097-4bseoUiwgzRz/[22m[2massets/[22m[36mIncidentAlert.stories-CqDPVozL.js               [39m[1m[2m  2.05 kB[22m[1m[22m[2m │ gzip:   1.04 kB[22m
[2m../../../../../var/folders/nt/jf6m1zcn2qz7pnkf0c0wbhx40000gn/T/chromatic--6097-4bseoUiwgzRz/[22m[2massets/[22m[36mTypography-9wY-WrFb.js                          [39m[1m[2m  2.12 kB[22m[1m[22m[2m │ gzip:   1.01 kB[22m
[2m../../../../../var/folders/nt/jf6m1zcn2qz7pnkf0c0wbhx40000gn/T/chromatic--6097-4bseoUiwgzRz/[22m[2massets/[22m[36mColumn-DRmFPd5T.js                              [39m[1m[2m  2.17 kB[22m[1m[22m[2m │ gzip:   1.06 kB[22m
[2m../../../../../var/folders/nt/jf6m1zcn2qz7pnkf0c0wbhx40000gn/T/chromatic--6097-4bseoUiwgzRz/[22m[2massets/[22m[36mindex-BwqtTtay.js                               [39m[1m[2m  2.20 kB[22m[1m[22m[2m │ gzip:   0.83 kB[22m
[2m../../../../../var/folders/nt/jf6m1zcn2qz7pnkf0c0wbhx40000gn/T/chromatic--6097-4bseoUiwgzRz/[22m[2massets/[22m[36mGrow-DrpPab4a.js                                [39m[1m[2m  2.26 kB[22m[1m[22m[2m │ gzip:   1.09 kB[22m
[2m../../../../../var/folders/nt/jf6m1zcn2qz7pnkf0c0wbhx40000gn/T/chromatic--6097-4bseoUiwgzRz/[22m[2massets/[22m[36mSwitchBase-BnWS-TGa.js                          [39m[1m[2m  2.30 kB[22m[1m[22m[2m │ gzip:   1.16 kB[22m
[2m../../../../../var/folders/nt/jf6m1zcn2qz7pnkf0c0wbhx40000gn/T/chromatic--6097-4bseoUiwgzRz/[22m[2massets/[22m[36mVehicleItem.stories-DhtZjUYB.js                 [39m[1m[2m  2.38 kB[22m[1m[22m[2m │ gzip:   1.23 kB[22m
[2m../../../../../var/folders/nt/jf6m1zcn2qz7pnkf0c0wbhx40000gn/T/chromatic--6097-4bseoUiwgzRz/[22m[2massets/[22m[36mTableHead-DO0Yk23G.js                           [39m[1m[2m  2.45 kB[22m[1m[22m[2m │ gzip:   1.00 kB[22m
[2m../../../../../var/folders/nt/jf6m1zcn2qz7pnkf0c0wbhx40000gn/T/chromatic--6097-4bseoUiwgzRz/[22m[2massets/[22m[36mChannelList.stories-BjZyFbQg.js                 [39m[1m[2m  2.46 kB[22m[1m[22m[2m │ gzip:   1.05 kB[22m
[2m../../../../../var/folders/nt/jf6m1zcn2qz7pnkf0c0wbhx40000gn/T/chromatic--6097-4bseoUiwgzRz/[22m[2massets/[22m[36mAlertPanel-Bv5Zigjj.js                          [39m[1m[2m  2.52 kB[22m[1m[22m[2m │ gzip:   1.03 kB[22m
[2m../../../../../var/folders/nt/jf6m1zcn2qz7pnkf0c0wbhx40000gn/T/chromatic--6097-4bseoUiwgzRz/[22m[2massets/[22m[36mstyled-BT4-qF9F.js                              [39m[1m[2m  2.54 kB[22m[1m[22m[2m │ gzip:   1.21 kB[22m
[2m../../../../../var/folders/nt/jf6m1zcn2qz7pnkf0c0wbhx40000gn/T/chromatic--6097-4bseoUiwgzRz/[22m[2massets/[22m[36mStarRating.stories-DOOSUeQu.js                  [39m[1m[2m  2.58 kB[22m[1m[22m[2m │ gzip:   1.07 kB[22m
[2m../../../../../var/folders/nt/jf6m1zcn2qz7pnkf0c0wbhx40000gn/T/chromatic--6097-4bseoUiwgzRz/[22m[2massets/[22m[36mcreateSvgIcon-Cc-AP0D-.js                       [39m[1m[2m  2.58 kB[22m[1m[22m[2m │ gzip:   1.23 kB[22m
[2m../../../../../var/folders/nt/jf6m1zcn2qz7pnkf0c0wbhx40000gn/T/chromatic--6097-4bseoUiwgzRz/[22m[2massets/[22m[36mButton.stories-Cne4NV5m.js                      [39m[1m[2m  2.61 kB[22m[1m[22m[2m │ gzip:   0.96 kB[22m
[2m../../../../../var/folders/nt/jf6m1zcn2qz7pnkf0c0wbhx40000gn/T/chromatic--6097-4bseoUiwgzRz/[22m[2massets/[22m[36mLink-DiW_OtA2.js                                [39m[1m[2m  2.61 kB[22m[1m[22m[2m │ gzip:   1.26 kB[22m
[2m../../../../../var/folders/nt/jf6m1zcn2qz7pnkf0c0wbhx40000gn/T/chromatic--6097-4bseoUiwgzRz/[22m[2massets/[22m[36mChannel.stories-CWjORLtv.js                     [39m[1m[2m  2.62 kB[22m[1m[22m[2m │ gzip:   1.10 kB[22m
[2m../../../../../var/folders/nt/jf6m1zcn2qz7pnkf0c0wbhx40000gn/T/chromatic--6097-4bseoUiwgzRz/[22m[2massets/[22m[36mPatientCard.stories-DQhDs4Pg.js                 [39m[1m[2m  2.63 kB[22m[1m[22m[2m │ gzip:   0.99 kB[22m
[2m../../../../../var/folders/nt/jf6m1zcn2qz7pnkf0c0wbhx40000gn/T/chromatic--6097-4bseoUiwgzRz/[22m[2massets/[22m[36mIconButton-U4lxzOXX.js                          [39m[1m[2m  2.70 kB[22m[1m[22m[2m │ gzip:   1.17 kB[22m
[2m../../../../../var/folders/nt/jf6m1zcn2qz7pnkf0c0wbhx40000gn/T/chromatic--6097-4bseoUiwgzRz/[22m[2massets/[22m[36mpreview-BaoH-L4j.js                             [39m[1m[2m  2.75 kB[22m[1m[22m[2m │ gzip:   1.38 kB[22m
[2m../../../../../var/folders/nt/jf6m1zcn2qz7pnkf0c0wbhx40000gn/T/chromatic--6097-4bseoUiwgzRz/[22m[2massets/[22m[36mMessageList-DLsC81NC.js                         [39m[1m[2m  2.78 kB[22m[1m[22m[2m │ gzip:   1.23 kB[22m
[2m../../../../../var/folders/nt/jf6m1zcn2qz7pnkf0c0wbhx40000gn/T/chromatic--6097-4bseoUiwgzRz/[22m[2massets/[22m[36mGroups.stories-DtzLlnOL.js                      [39m[1m[2m  2.84 kB[22m[1m[22m[2m │ gzip:   1.46 kB[22m
[2m../../../../../var/folders/nt/jf6m1zcn2qz7pnkf0c0wbhx40000gn/T/chromatic--6097-4bseoUiwgzRz/[22m[2massets/[22m[36mRoleSelection.stories-DMW63VY_.js               [39m[1m[2m  2.89 kB[22m[1m[22m[2m │ gzip:   1.19 kB[22m
[2m../../../../../var/folders/nt/jf6m1zcn2qz7pnkf0c0wbhx40000gn/T/chromatic--6097-4bseoUiwgzRz/[22m[2massets/[22m[36mindex-B-lxVbXh.js                               [39m[1m[2m  2.96 kB[22m[1m[22m[2m │ gzip:   1.45 kB[22m
[2m../../../../../var/folders/nt/jf6m1zcn2qz7pnkf0c0wbhx40000gn/T/chromatic--6097-4bseoUiwgzRz/[22m[2massets/[22m[36mMessageList.stories-DAcHeLKU.js                 [39m[1m[2m  2.99 kB[22m[1m[22m[2m │ gzip:   1.17 kB[22m
[2m../../../../../var/folders/nt/jf6m1zcn2qz7pnkf0c0wbhx40000gn/T/chromatic--6097-4bseoUiwgzRz/[22m[2massets/[22m[36mIncidentItem.stories-CtdreGpS.js                [39m[1m[2m  3.00 kB[22m[1m[22m[2m │ gzip:   1.29 kB[22m
[2m../../../../../var/folders/nt/jf6m1zcn2qz7pnkf0c0wbhx40000gn/T/chromatic--6097-4bseoUiwgzRz/[22m[2massets/[22m[36mIncidentList.stories-DWBOzuDL.js                [39m[1m[2m  3.20 kB[22m[1m[22m[2m │ gzip:   1.48 kB[22m
[2m../../../../../var/folders/nt/jf6m1zcn2qz7pnkf0c0wbhx40000gn/T/chromatic--6097-4bseoUiwgzRz/[22m[2massets/[22m[36mGenericListContainer.stories-BKeOxpGI.js        [39m[1m[2m  3.29 kB[22m[1m[22m[2m │ gzip:   1.52 kB[22m
[2m../../../../../var/folders/nt/jf6m1zcn2qz7pnkf0c0wbhx40000gn/T/chromatic--6097-4bseoUiwgzRz/[22m[2massets/[22m[36mVehicleList.stories-CpAsEc4H.js                 [39m[1m[2m  3.46 kB[22m[1m[22m[2m │ gzip:   1.52 kB[22m
[2m../../../../../var/folders/nt/jf6m1zcn2qz7pnkf0c0wbhx40000gn/T/chromatic--6097-4bseoUiwgzRz/[22m[2massets/[22m[36mTextField.stories-BjlndEsd.js                   [39m[1m[2m  3.48 kB[22m[1m[22m[2m │ gzip:   1.35 kB[22m
[2m../../../../../var/folders/nt/jf6m1zcn2qz7pnkf0c0wbhx40000gn/T/chromatic--6097-4bseoUiwgzRz/[22m[2massets/[22m[36mCheckbox.stories-uHA_z_ZC.js                    [39m[1m[2m  3.52 kB[22m[1m[22m[2m │ gzip:   1.67 kB[22m
[2m../../../../../var/folders/nt/jf6m1zcn2qz7pnkf0c0wbhx40000gn/T/chromatic--6097-4bseoUiwgzRz/[22m[2massets/[22m[36mDivider-NmXI5_dG.js                             [39m[1m[2m  3.66 kB[22m[1m[22m[2m │ gzip:   1.34 kB[22m
[2m../../../../../var/folders/nt/jf6m1zcn2qz7pnkf0c0wbhx40000gn/T/chromatic--6097-4bseoUiwgzRz/[22m[2massets/[22m[36mFEMAMarker.stories-Bqg-1Qv3.js                  [39m[1m[2m  3.69 kB[22m[1m[22m[2m │ gzip:   1.26 kB[22m
[2m../../../../../var/folders/nt/jf6m1zcn2qz7pnkf0c0wbhx40000gn/T/chromatic--6097-4bseoUiwgzRz/[22m[2massets/[22m[36mListItemAvatar-B5iUlTEm.js                      [39m[1m[2m  3.73 kB[22m[1m[22m[2m │ gzip:   1.69 kB[22m
[2m../../../../../var/folders/nt/jf6m1zcn2qz7pnkf0c0wbhx40000gn/T/chromatic--6097-4bseoUiwgzRz/[22m[2massets/[22m[36mAlertButton.stories-la2aD3R2.js                 [39m[1m[2m  3.81 kB[22m[1m[22m[2m │ gzip:   1.10 kB[22m
[2m../../../../../var/folders/nt/jf6m1zcn2qz7pnkf0c0wbhx40000gn/T/chromatic--6097-4bseoUiwgzRz/[22m[2massets/[22m[36mAlertSnackbar.stories-B-wC3-O6.js               [39m[1m[2m  3.90 kB[22m[1m[22m[2m │ gzip:   1.25 kB[22m
[2m../../../../../var/folders/nt/jf6m1zcn2qz7pnkf0c0wbhx40000gn/T/chromatic--6097-4bseoUiwgzRz/[22m[2massets/[22m[36mHospitalCard.stories-CUkZ5XjN.js                [39m[1m[2m  3.91 kB[22m[1m[22m[2m │ gzip:   1.42 kB[22m
[2m../../../../../var/folders/nt/jf6m1zcn2qz7pnkf0c0wbhx40000gn/T/chromatic--6097-4bseoUiwgzRz/[22m[2massets/[22m[36mMenuItem-BQ6hWduR.js                            [39m[1m[2m  3.97 kB[22m[1m[22m[2m │ gzip:   1.57 kB[22m
[2m../../../../../var/folders/nt/jf6m1zcn2qz7pnkf0c0wbhx40000gn/T/chromatic--6097-4bseoUiwgzRz/[22m[2massets/[22m[36mIcons-CafGIyqn.js                               [39m[1m[2m  4.03 kB[22m[1m[22m[2m │ gzip:   1.72 kB[22m
[2m../../../../../var/folders/nt/jf6m1zcn2qz7pnkf0c0wbhx40000gn/T/chromatic--6097-4bseoUiwgzRz/[22m[2massets/[22m[36mTypeFilterMenu.stories-DWWE9uGP.js              [39m[1m[2m  4.05 kB[22m[1m[22m[2m │ gzip:   1.91 kB[22m
[2m../../../../../var/folders/nt/jf6m1zcn2qz7pnkf0c0wbhx40000gn/T/chromatic--6097-4bseoUiwgzRz/[22m[2massets/[22m[36mList.stories-GBcF25jt.js                        [39m[1m[2m  4.16 kB[22m[1m[22m[2m │ gzip:   1.62 kB[22m
[2m../../../../../var/folders/nt/jf6m1zcn2qz7pnkf0c0wbhx40000gn/T/chromatic--6097-4bseoUiwgzRz/[22m[2massets/[22m[36mPatientProfile.stories-DjJT2_BF.js              [39m[1m[2m  4.34 kB[22m[1m[22m[2m │ gzip:   1.63 kB[22m
[2m../../../../../var/folders/nt/jf6m1zcn2qz7pnkf0c0wbhx40000gn/T/chromatic--6097-4bseoUiwgzRz/[22m[2massets/[22m[36mutils-CbmAoeE6.js                               [39m[1m[2m  4.34 kB[22m[1m[22m[2m │ gzip:   1.61 kB[22m
[2m../../../../../var/folders/nt/jf6m1zcn2qz7pnkf0c0wbhx40000gn/T/chromatic--6097-4bseoUiwgzRz/[22m[2massets/[22m[36mSkeleton-CcnTqOHT.js                            [39m[1m[2m  4.45 kB[22m[1m[22m[2m │ gzip:   2.10 kB[22m
[2m../../../../../var/folders/nt/jf6m1zcn2qz7pnkf0c0wbhx40000gn/T/chromatic--6097-4bseoUiwgzRz/[22m[2massets/[22m[36mChannelList-dIAby-LA.js                         [39m[1m[2m  4.54 kB[22m[1m[22m[2m │ gzip:   1.75 kB[22m
[2m../../../../../var/folders/nt/jf6m1zcn2qz7pnkf0c0wbhx40000gn/T/chromatic--6097-4bseoUiwgzRz/[22m[2massets/[22m[36mIconButton.stories-CNLdP0qQ.js                  [39m[1m[2m  4.92 kB[22m[1m[22m[2m │ gzip:   1.74 kB[22m
[2m../../../../../var/folders/nt/jf6m1zcn2qz7pnkf0c0wbhx40000gn/T/chromatic--6097-4bseoUiwgzRz/[22m[2massets/[22m[36mTableRow-CGIqbeD9.js                            [39m[1m[2m  4.93 kB[22m[1m[22m[2m │ gzip:   1.90 kB[22m
[2m../../../../../var/folders/nt/jf6m1zcn2qz7pnkf0c0wbhx40000gn/T/chromatic--6097-4bseoUiwgzRz/[22m[2massets/[22m[36mConfirmationDialog.stories-BiMcKQKU.js          [39m[1m[2m  5.02 kB[22m[1m[22m[2m │ gzip:   1.88 kB[22m
[2m../../../../../var/folders/nt/jf6m1zcn2qz7pnkf0c0wbhx40000gn/T/chromatic--6097-4bseoUiwgzRz/[22m[2massets/[22m[36mpreview-B8lJiyuQ.js                             [39m[1m[2m  5.06 kB[22m[1m[22m[2m │ gzip:   1.88 kB[22m
[2m../../../../../var/folders/nt/jf6m1zcn2qz7pnkf0c0wbhx40000gn/T/chromatic--6097-4bseoUiwgzRz/[22m[2massets/[22m[36mGrid-DTnH7_q4.js                                [39m[1m[2m  5.22 kB[22m[1m[22m[2m │ gzip:   2.05 kB[22m
[2m../../../../../var/folders/nt/jf6m1zcn2qz7pnkf0c0wbhx40000gn/T/chromatic--6097-4bseoUiwgzRz/[22m[2massets/[22m[36mGenericListItem.stories-E0hZDwBD.js             [39m[1m[2m  5.23 kB[22m[1m[22m[2m │ gzip:   1.71 kB[22m
[2m../../../../../var/folders/nt/jf6m1zcn2qz7pnkf0c0wbhx40000gn/T/chromatic--6097-4bseoUiwgzRz/[22m[2massets/[22m[36mDialogTitle-Dm9Wb5yM.js                         [39m[1m[2m  6.00 kB[22m[1m[22m[2m │ gzip:   2.21 kB[22m
[2m../../../../../var/folders/nt/jf6m1zcn2qz7pnkf0c0wbhx40000gn/T/chromatic--6097-4bseoUiwgzRz/[22m[2massets/[22m[36mListItem-bH7vxyc8.js                            [39m[1m[2m  6.24 kB[22m[1m[22m[2m │ gzip:   2.14 kB[22m
[2m../../../../../var/folders/nt/jf6m1zcn2qz7pnkf0c0wbhx40000gn/T/chromatic--6097-4bseoUiwgzRz/[22m[2massets/[22m[36mContactList.stories-BS-LAFGg.js                 [39m[1m[2m  6.31 kB[22m[1m[22m[2m │ gzip:   2.38 kB[22m
[2m../../../../../var/folders/nt/jf6m1zcn2qz7pnkf0c0wbhx40000gn/T/chromatic--6097-4bseoUiwgzRz/[22m[2massets/[22m[36mContact.stories-Nw6mkJjY.js                     [39m[1m[2m  6.49 kB[22m[1m[22m[2m │ gzip:   2.41 kB[22m
[2m../../../../../var/folders/nt/jf6m1zcn2qz7pnkf0c0wbhx40000gn/T/chromatic--6097-4bseoUiwgzRz/[22m[2massets/[22m[36mStep5ResponseTimeline.stories-CU8lhNp1.js       [39m[1m[2m  6.83 kB[22m[1m[22m[2m │ gzip:   2.50 kB[22m
[2m../../../../../var/folders/nt/jf6m1zcn2qz7pnkf0c0wbhx40000gn/T/chromatic--6097-4bseoUiwgzRz/[22m[2massets/[22m[36mTextField-DtqBy0pm.js                           [39m[1m[2m  6.84 kB[22m[1m[22m[2m │ gzip:   2.53 kB[22m
[2m../../../../../var/folders/nt/jf6m1zcn2qz7pnkf0c0wbhx40000gn/T/chromatic--6097-4bseoUiwgzRz/[22m[2massets/[22m[36mGenericItemizeContainer.stories-CtN0vQuw.js     [39m[1m[2m  6.89 kB[22m[1m[22m[2m │ gzip:   2.13 kB[22m
[2m../../../../../var/folders/nt/jf6m1zcn2qz7pnkf0c0wbhx40000gn/T/chromatic--6097-4bseoUiwgzRz/[22m[2massets/[22m[36mMessage.stories-B8umgQtj.js                     [39m[1m[2m  7.41 kB[22m[1m[22m[2m │ gzip:   2.01 kB[22m
[2m../../../../../var/folders/nt/jf6m1zcn2qz7pnkf0c0wbhx40000gn/T/chromatic--6097-4bseoUiwgzRz/[22m[2massets/[22m[36mButton-CvLvl89V.js                              [39m[1m[2m  7.45 kB[22m[1m[22m[2m │ gzip:   2.14 kB[22m
[2m../../../../../var/folders/nt/jf6m1zcn2qz7pnkf0c0wbhx40000gn/T/chromatic--6097-4bseoUiwgzRz/[22m[2massets/[22m[36mpreview-BWzBA1C2.js                             [39m[1m[2m  7.62 kB[22m[1m[22m[2m │ gzip:   1.56 kB[22m
[2m../../../../../var/folders/nt/jf6m1zcn2qz7pnkf0c0wbhx40000gn/T/chromatic--6097-4bseoUiwgzRz/[22m[2massets/[22m[36malertQueueSlice-mWc7F6Je.js                     [39m[1m[2m  7.66 kB[22m[1m[22m[2m │ gzip:   2.33 kB[22m
[2m../../../../../var/folders/nt/jf6m1zcn2qz7pnkf0c0wbhx40000gn/T/chromatic--6097-4bseoUiwgzRz/[22m[2massets/[22m[36mReadme-B8Ewjz0V.js                              [39m[1m[2m  7.78 kB[22m[1m[22m[2m │ gzip:   2.19 kB[22m
[2m../../../../../var/folders/nt/jf6m1zcn2qz7pnkf0c0wbhx40000gn/T/chromatic--6097-4bseoUiwgzRz/[22m[2massets/[22m[36mEmergencyTypeCard.stories-C71OzmCa.js           [39m[1m[2m  7.87 kB[22m[1m[22m[2m │ gzip:   2.85 kB[22m
[2m../../../../../var/folders/nt/jf6m1zcn2qz7pnkf0c0wbhx40000gn/T/chromatic--6097-4bseoUiwgzRz/[22m[2massets/[22m[36mindex-BogIpVeg.js                               [39m[1m[2m  7.94 kB[22m[1m[22m[2m │ gzip:   3.13 kB[22m
[2m../../../../../var/folders/nt/jf6m1zcn2qz7pnkf0c0wbhx40000gn/T/chromatic--6097-4bseoUiwgzRz/[22m[2massets/[22m[36mpreview-CPX9RCe3.js                             [39m[1m[2m  8.10 kB[22m[1m[22m[2m │ gzip:   3.09 kB[22m
[2m../../../../../var/folders/nt/jf6m1zcn2qz7pnkf0c0wbhx40000gn/T/chromatic--6097-4bseoUiwgzRz/[22m[2massets/[22m[36mMenu-B_cryt9p.js                                [39m[1m[2m 10.00 kB[22m[1m[22m[2m │ gzip:   3.93 kB[22m
[2m../../../../../var/folders/nt/jf6m1zcn2qz7pnkf0c0wbhx40000gn/T/chromatic--6097-4bseoUiwgzRz/[22m[2massets/[22m[36mRadioGroup.stories-0-bRmcjr.js                  [39m[1m[2m 10.73 kB[22m[1m[22m[2m │ gzip:   4.23 kB[22m
[2m../../../../../var/folders/nt/jf6m1zcn2qz7pnkf0c0wbhx40000gn/T/chromatic--6097-4bseoUiwgzRz/[22m[2massets/[22m[36mButtonBase-oarsEVhk.js                          [39m[1m[2m 11.27 kB[22m[1m[22m[2m │ gzip:   4.41 kB[22m
[2m../../../../../var/folders/nt/jf6m1zcn2qz7pnkf0c0wbhx40000gn/T/chromatic--6097-4bseoUiwgzRz/[22m[2massets/[22m[36mpreview-CkM3kRm-.js                             [39m[1m[2m 11.99 kB[22m[1m[22m[2m │ gzip:   4.88 kB[22m
[2m../../../../../var/folders/nt/jf6m1zcn2qz7pnkf0c0wbhx40000gn/T/chromatic--6097-4bseoUiwgzRz/[22m[2massets/[22m[36mNavigationBar.stories-B47i8A7W.js               [39m[1m[2m 12.01 kB[22m[1m[22m[2m │ gzip:   4.17 kB[22m
[2m../../../../../var/folders/nt/jf6m1zcn2qz7pnkf0c0wbhx40000gn/T/chromatic--6097-4bseoUiwgzRz/[22m[2massets/[22m[36mAlertSnackbar-Dc-DHffk.js                       [39m[1m[2m 12.63 kB[22m[1m[22m[2m │ gzip:   4.52 kB[22m
[2m../../../../../var/folders/nt/jf6m1zcn2qz7pnkf0c0wbhx40000gn/T/chromatic--6097-4bseoUiwgzRz/[22m[2massets/[22m[36mtest-utils-C560jOoZ.js                          [39m[1m[2m 13.05 kB[22m[1m[22m[2m │ gzip:   5.09 kB[22m
[2m../../../../../var/folders/nt/jf6m1zcn2qz7pnkf0c0wbhx40000gn/T/chromatic--6097-4bseoUiwgzRz/[22m[2massets/[22m[36mClickableStepper.stories-B1UiTswJ.js            [39m[1m[2m 13.51 kB[22m[1m[22m[2m │ gzip:   4.07 kB[22m
[2m../../../../../var/folders/nt/jf6m1zcn2qz7pnkf0c0wbhx40000gn/T/chromatic--6097-4bseoUiwgzRz/[22m[2massets/[22m[36mBoardDnd.stories-BOV19ner.js                    [39m[1m[2m 13.77 kB[22m[1m[22m[2m │ gzip:   4.82 kB[22m
[2m../../../../../var/folders/nt/jf6m1zcn2qz7pnkf0c0wbhx40000gn/T/chromatic--6097-4bseoUiwgzRz/[22m[2massets/[22m[36mModal-DsSLmOVF.js                               [39m[1m[2m 14.51 kB[22m[1m[22m[2m │ gzip:   5.38 kB[22m
[2m../../../../../var/folders/nt/jf6m1zcn2qz7pnkf0c0wbhx40000gn/T/chromatic--6097-4bseoUiwgzRz/[22m[2massets/[22m[36mstyled-BqBuw8kk.js                              [39m[1m[2m 17.43 kB[22m[1m[22m[2m │ gzip:   7.32 kB[22m
[2m../../../../../var/folders/nt/jf6m1zcn2qz7pnkf0c0wbhx40000gn/T/chromatic--6097-4bseoUiwgzRz/[22m[2massets/[22m[36mChatBox.stories-q1xgetOv.js                     [39m[1m[2m 22.77 kB[22m[1m[22m[2m │ gzip:   7.87 kB[22m
[2m../../../../../var/folders/nt/jf6m1zcn2qz7pnkf0c0wbhx40000gn/T/chromatic--6097-4bseoUiwgzRz/[22m[2massets/[22m[36mredux-toolkit.modern-CsQQONq_.js                [39m[1m[2m 23.80 kB[22m[1m[22m[2m │ gzip:   9.15 kB[22m
[2m../../../../../var/folders/nt/jf6m1zcn2qz7pnkf0c0wbhx40000gn/T/chromatic--6097-4bseoUiwgzRz/[22m[2massets/[22m[36mCard-BaXuwdRY.js                                [39m[1m[2m 26.82 kB[22m[1m[22m[2m │ gzip:  10.63 kB[22m
[2m../../../../../var/folders/nt/jf6m1zcn2qz7pnkf0c0wbhx40000gn/T/chromatic--6097-4bseoUiwgzRz/[22m[2massets/[22m[36mTabBar.stories-CmAGBGRi.js                      [39m[1m[2m 28.72 kB[22m[1m[22m[2m │ gzip:   9.16 kB[22m
[2m../../../../../var/folders/nt/jf6m1zcn2qz7pnkf0c0wbhx40000gn/T/chromatic--6097-4bseoUiwgzRz/[22m[2massets/[22m[36mColor-YHDXOIA2-O7NNLdyo.js                      [39m[1m[2m 29.32 kB[22m[1m[22m[2m │ gzip:  11.03 kB[22m
[2m../../../../../var/folders/nt/jf6m1zcn2qz7pnkf0c0wbhx40000gn/T/chromatic--6097-4bseoUiwgzRz/[22m[2massets/[22m[36mentry-preview-DssVbN5z.js                       [39m[1m[2m 29.76 kB[22m[1m[22m[2m │ gzip:   9.52 kB[22m
[2m../../../../../var/folders/nt/jf6m1zcn2qz7pnkf0c0wbhx40000gn/T/chromatic--6097-4bseoUiwgzRz/[22m[2massets/[22m[36mSelect-C14QluMp.js                              [39m[1m[2m 33.06 kB[22m[1m[22m[2m │ gzip:  10.08 kB[22m
[2m../../../../../var/folders/nt/jf6m1zcn2qz7pnkf0c0wbhx40000gn/T/chromatic--6097-4bseoUiwgzRz/[22m[2massets/[22m[36mSocket-Cfu1FFTv.js                              [39m[1m[2m 41.72 kB[22m[1m[22m[2m │ gzip:  13.22 kB[22m
[2m../../../../../var/folders/nt/jf6m1zcn2qz7pnkf0c0wbhx40000gn/T/chromatic--6097-4bseoUiwgzRz/[22m[2massets/[22m[36museThemeProps-C--n4uOA.js                       [39m[1m[2m 45.77 kB[22m[1m[22m[2m │ gzip:  17.29 kB[22m
[2m../../../../../var/folders/nt/jf6m1zcn2qz7pnkf0c0wbhx40000gn/T/chromatic--6097-4bseoUiwgzRz/[22m[2massets/[22m[36mindex-CXQShRbs.js                               [39m[1m[2m 53.73 kB[22m[1m[22m[2m │ gzip:  15.55 kB[22m
[2m../../../../../var/folders/nt/jf6m1zcn2qz7pnkf0c0wbhx40000gn/T/chromatic--6097-4bseoUiwgzRz/[22m[2massets/[22m[36mrequest-BkSX5oNp.js                             [39m[1m[2m 72.72 kB[22m[1m[22m[2m │ gzip:  27.10 kB[22m
[2m../../../../../var/folders/nt/jf6m1zcn2qz7pnkf0c0wbhx40000gn/T/chromatic--6097-4bseoUiwgzRz/[22m[2massets/[22m[36mchunk-XJI4KG32-2VbRNUKZ.js                      [39m[1m[2m 75.10 kB[22m[1m[22m[2m │ gzip:  25.80 kB[22m
[2m../../../../../var/folders/nt/jf6m1zcn2qz7pnkf0c0wbhx40000gn/T/chromatic--6097-4bseoUiwgzRz/[22m[2massets/[22m[36mMessage-ChawePxK.js                             [39m[1m[2m 94.92 kB[22m[1m[22m[2m │ gzip:  33.85 kB[22m
[2m../../../../../var/folders/nt/jf6m1zcn2qz7pnkf0c0wbhx40000gn/T/chromatic--6097-4bseoUiwgzRz/[22m[2massets/[22m[36mreact-beautiful-dnd.esm-CszdmOHV.js             [39m[1m[2m105.88 kB[22m[1m[22m[2m │ gzip:  32.01 kB[22m
[2m../../../../../var/folders/nt/jf6m1zcn2qz7pnkf0c0wbhx40000gn/T/chromatic--6097-4bseoUiwgzRz/[22m[2massets/[22m[36mindex-CFZgwzEi.js                               [39m[1m[2m134.71 kB[22m[1m[22m[2m │ gzip:  43.29 kB[22m
[2m../../../../../var/folders/nt/jf6m1zcn2qz7pnkf0c0wbhx40000gn/T/chromatic--6097-4bseoUiwgzRz/[22m[2massets/[22m[36miframe-B5dM-TWN.js                              [39m[1m[2m226.59 kB[22m[1m[22m[2m │ gzip:  76.01 kB[22m
[2m../../../../../var/folders/nt/jf6m1zcn2qz7pnkf0c0wbhx40000gn/T/chromatic--6097-4bseoUiwgzRz/[22m[2massets/[22m[36mentry-preview-docs-8Rnhxd_G.js                  [39m[1m[2m247.07 kB[22m[1m[22m[2m │ gzip:  73.42 kB[22m
[2m../../../../../var/folders/nt/jf6m1zcn2qz7pnkf0c0wbhx40000gn/T/chromatic--6097-4bseoUiwgzRz/[22m[2massets/[22m[36mindex-Domkg0jQ.js                               [39m[1m[33m662.13 kB[39m[22m[2m │ gzip: 156.67 kB[22m
[2m../../../../../var/folders/nt/jf6m1zcn2qz7pnkf0c0wbhx40000gn/T/chromatic--6097-4bseoUiwgzRz/[22m[2massets/[22m[36mindex-DQubQ9yC.js                               [39m[1m[33m883.74 kB[39m[22m[2m │ gzip: 274.63 kB[22m
[32m✓ built in 12.62s[39m
info => Preview built ([38;2;181;126;229m17 s[39m)
info => Output directory: /var/folders/nt/jf6m1zcn2qz7pnkf0c0wbhx40000gn/T/chromatic--6097-4bseoUiwgzRz

[35m[1mattention[22m[39m => Storybook now collects completely anonymous telemetry regarding usage.
This information is used to shape Storybook's roadmap and prioritize features.
You can learn more, including how to opt-out if you'd not like to participate in this anonymous program, by visiting the following URL:
[36mhttps://storybook.js.org/telemetry[39m

